<?xml version="1.0" encoding="UTF-8"?>
<!-- Generated by org.testng.reporters.JUnitReportReporter -->
<testsuite hostname="INlovelymunjal.local" name="DemoTest" tests="1" failures="0" timestamp="2 Mar 2020 14:44:25 GMT" time="9.545" errors="0">
  <testcase name="test" time="9.545" classname="DemoTest"/>
</testsuite> <!-- DemoTest -->
