<?xml version="1.0" encoding="UTF-8"?>
<!-- Generated by org.testng.reporters.JUnitReportReporter -->
<testsuite hostname="INlovelymunjal.local" name="DemoCrossBrowserTest" tests="4" failures="0" timestamp="3 Mar 2020 11:23:05 GMT" time="3.079" errors="0">
  <testcase name="test1" time="1.157" classname="DemoCrossBrowserTest"/>
  <testcase name="test1" time="0.421" classname="DemoCrossBrowserTest"/>
  <testcase name="test" time="0.602" classname="DemoCrossBrowserTest"/>
  <testcase name="test" time="0.899" classname="DemoCrossBrowserTest"/>
</testsuite> <!-- DemoCrossBrowserTest -->
